<?xml version="1.0" encoding="UTF-8"?>
<!-- Generated by org.testng.reporters.JUnitReportReporter -->
<testsuite hostname="DESKTOP-V34R8TE" failures="0" tests="1" name="com.actitime.testscripts.ThemeTestScript" time="5.311" errors="0" timestamp="2025-05-07T19:35:52 IST" skipped="0">
  <testcase classname="com.actitime.testscripts.ThemeTestScript" name="VerifyTheColorIsChangingOrNot" time="5.311"/>
</testsuite> <!-- com.actitime.testscripts.ThemeTestScript -->
