<?xml version="1.0" encoding="UTF-8"?>
<!-- Generated by org.testng.reporters.JUnitReportReporter -->
<testsuite hostname="DESKTOP-V34R8TE" failures="0" tests="1" name="com.actitime.testscripts.CreateNewProjectTest" time="3.388" errors="0" timestamp="2025-05-08T16:20:17 IST" skipped="0">
  <testcase classname="com.actitime.testscripts.CreateNewProjectTest" name="verifyTheUserCanAddNewProject" time="3.388"/>
</testsuite> <!-- com.actitime.testscripts.CreateNewProjectTest -->
