<?xml version="1.0" encoding="UTF-8"?>
<!-- Generated by org.testng.reporters.JUnitReportReporter -->
<testsuite hostname="DESKTOP-V34R8TE" failures="0" tests="1" name="com.actitime.testscripts.ModifyCustomerTest" time="2.962" errors="0" timestamp="2025-05-07T20:32:44 IST" skipped="0">
  <testcase classname="com.actitime.testscripts.ModifyCustomerTest" name="verifyTheUserCanModify" time="2.962"/>
</testsuite> <!-- com.actitime.testscripts.ModifyCustomerTest -->
