<?xml version="1.0" encoding="UTF-8"?>
<!-- Generated by org.testng.reporters.JUnitReportReporter -->
<testsuite hostname="DESKTOP-V34R8TE" failures="0" tests="1" name="com.actitime.testscripts.CreateTypeOfWorkTest" time="4.729" errors="0" timestamp="2025-05-08T14:59:55 IST" skipped="0">
  <testcase classname="com.actitime.testscripts.CreateTypeOfWorkTest" name="verifyTheUserCanAddTypeOfWork" time="4.729"/>
</testsuite> <!-- com.actitime.testscripts.CreateTypeOfWorkTest -->
