<?xml version="1.0" encoding="UTF-8"?>
<!-- Generated by org.testng.reporters.JUnitReportReporter -->
<testsuite hostname="DESKTOP-V34R8TE" failures="0" tests="1" name="com.actitime.testscripts.TimeTrackTest" time="2.096" errors="0" timestamp="2025-05-08T15:22:57 IST" skipped="0">
  <testcase classname="com.actitime.testscripts.TimeTrackTest" name="verifyTheUserCanAddNewTask" time="2.096"/>
</testsuite> <!-- com.actitime.testscripts.TimeTrackTest -->
