<?xml version="1.0" encoding="UTF-8"?>
<!-- Generated by org.testng.reporters.JUnitReportReporter -->
<testsuite hostname="DESKTOP-V34R8TE" failures="0" tests="1" name="com.actitime.testscripts.CreateCustomer" time="3.686" errors="0" timestamp="2025-05-02T20:51:17 IST" skipped="0">
  <testcase classname="com.actitime.testscripts.CreateCustomer" name="createCustomer" time="3.686"/>
</testsuite> <!-- com.actitime.testscripts.CreateCustomer -->
